<?xml version="1.0" encoding="UTF-8"?>
<testsuite name="test.bobcat.login.AuthorizationTest" tests="1" skipped="0" failures="0" errors="0" timestamp="2019-05-29T14:34:12" hostname="DIN39000234" time="41.983">
  <properties/>
  <testcase name="loginTest()" classname="test.bobcat.login.AuthorizationTest" time="41.983"/>
  <system-out><![CDATA[]]></system-out>
  <system-err><![CDATA[Starting ChromeDriver 74.0.3729.6 (255758eccf3d244491b8a1317aa76e1ce10d57e9-refs/branch-heads/3729@{#29}) on port 22641
Only local connections are allowed.
Please protect ports used by ChromeDriver and related test frameworks to prevent access by malicious code.
May 29, 2019 8:04:11 PM org.openqa.selenium.remote.ProtocolHandshake createSession
INFO: Detected dialect: OSS
May 29, 2019 8:04:39 PM test.bobcat.pages.SignInPage login
INFO: User Id and Password are not valid
]]></system-err>
</testsuite>
